{"/usr/app/src/controllers/SaleController.js": {"path":"/usr/app/src/controllers/SaleController.js","statementMap":{"0":{"start":{"line":1,"column":20},"end":{"line":1,"column":54}},"1":{"start":{"line":2,"column":22},"end":{"line":2,"column":50}},"2":{"start":{"line":4,"column":20},"end":{"line":4,"column":39}},"3":{"start":{"line":7,"column":4},"end":{"line":12,"column":5}},"4":{"start":{"line":8,"column":24},"end":{"line":8,"column":62}},"5":{"start":{"line":9,"column":8},"end":{"line":9,"column":23}},"6":{"start":{"line":11,"column":8},"end":{"line":11,"column":20}},"7":{"start":{"line":16,"column":4},"end":{"line":25,"column":5}},"8":{"start":{"line":17,"column":8},"end":{"line":17,"column":36}},"9":{"start":{"line":18,"column":22},"end":{"line":18,"column":65}},"10":{"start":{"line":19,"column":8},"end":{"line":19,"column":21}},"11":{"start":{"line":21,"column":8},"end":{"line":21,"column":55}},"12":{"start":{"line":22,"column":8},"end":{"line":22,"column":20}},"13":{"start":{"line":24,"column":8},"end":{"line":24,"column":39}},"14":{"start":{"line":29,"column":4},"end":{"line":58,"column":5}},"15":{"start":{"line":30,"column":8},"end":{"line":30,"column":36}},"16":{"start":{"line":31,"column":21},"end":{"line":31,"column":85}},"17":{"start":{"line":33,"column":8},"end":{"line":35,"column":9}},"18":{"start":{"line":34,"column":12},"end":{"line":34,"column":53}},"19":{"start":{"line":37,"column":28},"end":{"line":37,"column":35}},"20":{"start":{"line":38,"column":30},"end":{"line":38,"column":55}},"21":{"start":{"line":40,"column":8},"end":{"line":42,"column":9}},"22":{"start":{"line":41,"column":12},"end":{"line":41,"column":79}},"23":{"start":{"line":44,"column":8},"end":{"line":46,"column":9}},"24":{"start":{"line":45,"column":12},"end":{"line":45,"column":68}},"25":{"start":{"line":48,"column":8},"end":{"line":48,"column":92}},"26":{"start":{"line":50,"column":8},"end":{"line":52,"column":9}},"27":{"start":{"line":51,"column":12},"end":{"line":51,"column":122}},"28":{"start":{"line":54,"column":8},"end":{"line":54,"column":39}},"29":{"start":{"line":55,"column":8},"end":{"line":55,"column":74}},"30":{"start":{"line":57,"column":8},"end":{"line":57,"column":20}},"31":{"start":{"line":62,"column":4},"end":{"line":62,"column":32}},"32":{"start":{"line":63,"column":19},"end":{"line":63,"column":63}},"33":{"start":{"line":64,"column":4},"end":{"line":64,"column":35}},"34":{"start":{"line":65,"column":4},"end":{"line":65,"column":18}},"35":{"start":{"line":68,"column":0},"end":{"line":73,"column":2}}},"fnMap":{"0":{"name":"addSale","decl":{"start":{"line":6,"column":15},"end":{"line":6,"column":22}},"loc":{"start":{"line":6,"column":33},"end":{"line":13,"column":1}},"line":6},"1":{"name":"getAllSales","decl":{"start":{"line":15,"column":15},"end":{"line":15,"column":26}},"loc":{"start":{"line":15,"column":29},"end":{"line":26,"column":1}},"line":15},"2":{"name":"updateSaleStatus","decl":{"start":{"line":28,"column":15},"end":{"line":28,"column":31}},"loc":{"start":{"line":28,"column":48},"end":{"line":59,"column":1}},"line":28},"3":{"name":"deleteAllSales","decl":{"start":{"line":61,"column":15},"end":{"line":61,"column":29}},"loc":{"start":{"line":61,"column":37},"end":{"line":66,"column":1}},"line":61}},"branchMap":{"0":{"loc":{"start":{"line":33,"column":8},"end":{"line":35,"column":9}},"type":"if","locations":[{"start":{"line":33,"column":8},"end":{"line":35,"column":9}},{"start":{},"end":{}}],"line":33},"1":{"loc":{"start":{"line":40,"column":8},"end":{"line":42,"column":9}},"type":"if","locations":[{"start":{"line":40,"column":8},"end":{"line":42,"column":9}},{"start":{},"end":{}}],"line":40},"2":{"loc":{"start":{"line":44,"column":8},"end":{"line":46,"column":9}},"type":"if","locations":[{"start":{"line":44,"column":8},"end":{"line":46,"column":9}},{"start":{},"end":{}}],"line":44},"3":{"loc":{"start":{"line":44,"column":11},"end":{"line":44,"column":82}},"type":"binary-expr","locations":[{"start":{"line":44,"column":11},"end":{"line":44,"column":44}},{"start":{"line":44,"column":48},"end":{"line":44,"column":82}}],"line":44},"4":{"loc":{"start":{"line":50,"column":8},"end":{"line":52,"column":9}},"type":"if","locations":[{"start":{"line":50,"column":8},"end":{"line":52,"column":9}},{"start":{},"end":{}}],"line":50}},"s":{"0":1,"1":1,"2":1,"3":731,"4":731,"5":727,"6":4,"7":0,"8":0,"9":0,"10":0,"11":0,"12":0,"13":0,"14":507,"15":507,"16":507,"17":507,"18":0,"19":507,"20":507,"21":507,"22":0,"23":507,"24":4,"25":503,"26":503,"27":502,"28":503,"29":503,"30":4,"31":9,"32":9,"33":9,"34":9,"35":1},"f":{"0":731,"1":0,"2":507,"3":9},"b":{"0":[0,507],"1":[0,507],"2":[4,503],"3":[507,505],"4":[502,1]},"_coverageSchema":"1a1c01bbd47fc00a2c39e90264f33305004495a9","hash":"e9ce7b3d1699a7341779e114392d0af194594ede"}
,"/usr/app/src/controllers/UserController.js": {"path":"/usr/app/src/controllers/UserController.js","statementMap":{"0":{"start":{"line":1,"column":14},"end":{"line":1,"column":30}},"1":{"start":{"line":2,"column":15},"end":{"line":2,"column":32}},"2":{"start":{"line":4,"column":13},"end":{"line":4,"column":38}},"3":{"start":{"line":5,"column":22},"end":{"line":5,"column":50}},"4":{"start":{"line":7,"column":20},"end":{"line":7,"column":39}},"5":{"start":{"line":10,"column":27},"end":{"line":10,"column":62}},"6":{"start":{"line":12,"column":4},"end":{"line":14,"column":5}},"7":{"start":{"line":13,"column":8},"end":{"line":13,"column":48}},"8":{"start":{"line":16,"column":4},"end":{"line":20,"column":5}},"9":{"start":{"line":17,"column":8},"end":{"line":17,"column":36}},"10":{"start":{"line":19,"column":8},"end":{"line":19,"column":35}},"11":{"start":{"line":24,"column":4},"end":{"line":24,"column":32}},"12":{"start":{"line":26,"column":4},"end":{"line":68,"column":5}},"13":{"start":{"line":27,"column":25},"end":{"line":27,"column":86}},"14":{"start":{"line":29,"column":21},"end":{"line":32,"column":10}},"15":{"start":{"line":34,"column":8},"end":{"line":36,"column":9}},"16":{"start":{"line":35,"column":12},"end":{"line":35,"column":57}},"17":{"start":{"line":38,"column":29},"end":{"line":38,"column":36}},"18":{"start":{"line":39,"column":28},"end":{"line":39,"column":118}},"19":{"start":{"line":40,"column":20},"end":{"line":40,"column":30}},"20":{"start":{"line":42,"column":8},"end":{"line":50,"column":9}},"21":{"start":{"line":43,"column":30},"end":{"line":43,"column":44}},"22":{"start":{"line":44,"column":31},"end":{"line":44,"column":57}},"23":{"start":{"line":46,"column":12},"end":{"line":49,"column":13}},"24":{"start":{"line":47,"column":16},"end":{"line":47,"column":47}},"25":{"start":{"line":48,"column":16},"end":{"line":48,"column":50}},"26":{"start":{"line":52,"column":8},"end":{"line":52,"column":76}},"27":{"start":{"line":53,"column":38},"end":{"line":53,"column":61}},"28":{"start":{"line":54,"column":27},"end":{"line":54,"column":67}},"29":{"start":{"line":56,"column":8},"end":{"line":60,"column":11}},"30":{"start":{"line":62,"column":8},"end":{"line":62,"column":39}},"31":{"start":{"line":63,"column":8},"end":{"line":63,"column":25}},"32":{"start":{"line":66,"column":8},"end":{"line":66,"column":39}},"33":{"start":{"line":67,"column":8},"end":{"line":67,"column":65}},"34":{"start":{"line":72,"column":4},"end":{"line":72,"column":32}},"35":{"start":{"line":74,"column":4},"end":{"line":84,"column":5}},"36":{"start":{"line":75,"column":8},"end":{"line":80,"column":11}},"37":{"start":{"line":82,"column":8},"end":{"line":82,"column":39}},"38":{"start":{"line":83,"column":8},"end":{"line":83,"column":72}},"39":{"start":{"line":86,"column":4},"end":{"line":89,"column":5}},"40":{"start":{"line":87,"column":8},"end":{"line":87,"column":39}},"41":{"start":{"line":88,"column":8},"end":{"line":88,"column":87}},"42":{"start":{"line":91,"column":4},"end":{"line":91,"column":47}},"43":{"start":{"line":92,"column":19},"end":{"line":92,"column":64}},"44":{"start":{"line":94,"column":4},"end":{"line":96,"column":5}},"45":{"start":{"line":95,"column":8},"end":{"line":95,"column":74}},"46":{"start":{"line":98,"column":34},"end":{"line":98,"column":57}},"47":{"start":{"line":99,"column":23},"end":{"line":99,"column":63}},"48":{"start":{"line":101,"column":4},"end":{"line":105,"column":7}},"49":{"start":{"line":107,"column":4},"end":{"line":107,"column":35}},"50":{"start":{"line":109,"column":4},"end":{"line":109,"column":21}},"51":{"start":{"line":115,"column":4},"end":{"line":129,"column":5}},"52":{"start":{"line":116,"column":8},"end":{"line":125,"column":11}},"53":{"start":{"line":127,"column":8},"end":{"line":127,"column":85}},"54":{"start":{"line":128,"column":8},"end":{"line":128,"column":46}},"55":{"start":{"line":131,"column":4},"end":{"line":134,"column":6}},"56":{"start":{"line":138,"column":4},"end":{"line":138,"column":32}},"57":{"start":{"line":140,"column":4},"end":{"line":165,"column":5}},"58":{"start":{"line":141,"column":22},"end":{"line":141,"column":65}},"59":{"start":{"line":142,"column":31},"end":{"line":142,"column":33}},"60":{"start":{"line":144,"column":8},"end":{"line":157,"column":9}},"61":{"start":{"line":145,"column":32},"end":{"line":145,"column":127}},"62":{"start":{"line":146,"column":26},"end":{"line":146,"column":78}},"63":{"start":{"line":148,"column":12},"end":{"line":156,"column":15}},"64":{"start":{"line":159,"column":8},"end":{"line":159,"column":39}},"65":{"start":{"line":160,"column":8},"end":{"line":160,"column":30}},"66":{"start":{"line":163,"column":8},"end":{"line":163,"column":39}},"67":{"start":{"line":164,"column":8},"end":{"line":164,"column":69}},"68":{"start":{"line":169,"column":4},"end":{"line":169,"column":32}},"69":{"start":{"line":170,"column":19},"end":{"line":170,"column":63}},"70":{"start":{"line":171,"column":4},"end":{"line":171,"column":35}},"71":{"start":{"line":172,"column":4},"end":{"line":172,"column":18}},"72":{"start":{"line":175,"column":0},"end":{"line":180,"column":2}}},"fnMap":{"0":{"name":"validUser","decl":{"start":{"line":9,"column":15},"end":{"line":9,"column":24}},"loc":{"start":{"line":9,"column":35},"end":{"line":21,"column":1}},"line":9},"1":{"name":"loginUser","decl":{"start":{"line":23,"column":15},"end":{"line":23,"column":24}},"loc":{"start":{"line":23,"column":35},"end":{"line":69,"column":1}},"line":23},"2":{"name":"insertUser","decl":{"start":{"line":71,"column":15},"end":{"line":71,"column":25}},"loc":{"start":{"line":71,"column":36},"end":{"line":110,"column":1}},"line":71},"3":{"name":"generateJwtUser","decl":{"start":{"line":112,"column":15},"end":{"line":112,"column":30}},"loc":{"start":{"line":112,"column":33},"end":{"line":135,"column":1}},"line":112},"4":{"name":"getAllUsers","decl":{"start":{"line":137,"column":15},"end":{"line":137,"column":26}},"loc":{"start":{"line":137,"column":29},"end":{"line":166,"column":1}},"line":137},"5":{"name":"deleteAllUsers","decl":{"start":{"line":168,"column":15},"end":{"line":168,"column":29}},"loc":{"start":{"line":168,"column":37},"end":{"line":173,"column":1}},"line":168}},"branchMap":{"0":{"loc":{"start":{"line":12,"column":4},"end":{"line":14,"column":5}},"type":"if","locations":[{"start":{"line":12,"column":4},"end":{"line":14,"column":5}},{"start":{},"end":{}}],"line":12},"1":{"loc":{"start":{"line":16,"column":4},"end":{"line":20,"column":5}},"type":"if","locations":[{"start":{"line":16,"column":4},"end":{"line":20,"column":5}},{"start":{"line":18,"column":11},"end":{"line":20,"column":5}}],"line":16},"2":{"loc":{"start":{"line":34,"column":8},"end":{"line":36,"column":9}},"type":"if","locations":[{"start":{"line":34,"column":8},"end":{"line":36,"column":9}},{"start":{},"end":{}}],"line":34},"3":{"loc":{"start":{"line":34,"column":12},"end":{"line":34,"column":38}},"type":"binary-expr","locations":[{"start":{"line":34,"column":12},"end":{"line":34,"column":17}},{"start":{"line":34,"column":21},"end":{"line":34,"column":38}}],"line":34},"4":{"loc":{"start":{"line":42,"column":8},"end":{"line":50,"column":9}},"type":"if","locations":[{"start":{"line":42,"column":8},"end":{"line":50,"column":9}},{"start":{},"end":{}}],"line":42},"5":{"loc":{"start":{"line":46,"column":12},"end":{"line":49,"column":13}},"type":"if","locations":[{"start":{"line":46,"column":12},"end":{"line":49,"column":13}},{"start":{},"end":{}}],"line":46},"6":{"loc":{"start":{"line":86,"column":4},"end":{"line":89,"column":5}},"type":"if","locations":[{"start":{"line":86,"column":4},"end":{"line":89,"column":5}},{"start":{},"end":{}}],"line":86},"7":{"loc":{"start":{"line":94,"column":4},"end":{"line":96,"column":5}},"type":"if","locations":[{"start":{"line":94,"column":4},"end":{"line":96,"column":5}},{"start":{},"end":{}}],"line":94},"8":{"loc":{"start":{"line":127,"column":46},"end":{"line":127,"column":83}},"type":"binary-expr","locations":[{"start":{"line":127,"column":46},"end":{"line":127,"column":66}},{"start":{"line":127,"column":70},"end":{"line":127,"column":83}}],"line":127},"9":{"loc":{"start":{"line":146,"column":26},"end":{"line":146,"column":78}},"type":"cond-expr","locations":[{"start":{"line":146,"column":51},"end":{"line":146,"column":71}},{"start":{"line":146,"column":74},"end":{"line":146,"column":78}}],"line":146}},"s":{"0":1,"1":1,"2":1,"3":1,"4":1,"5":3,"6":3,"7":0,"8":3,"9":1,"10":2,"11":2,"12":2,"13":2,"14":2,"15":2,"16":1,"17":1,"18":1,"19":1,"20":1,"21":1,"22":1,"23":1,"24":1,"25":1,"26":0,"27":0,"28":0,"29":0,"30":0,"31":0,"32":1,"33":1,"34":2,"35":2,"36":2,"37":0,"38":0,"39":2,"40":1,"41":1,"42":1,"43":1,"44":1,"45":0,"46":1,"47":1,"48":1,"49":1,"50":1,"51":1,"52":1,"53":0,"54":0,"55":1,"56":0,"57":0,"58":0,"59":0,"60":0,"61":0,"62":0,"63":0,"64":0,"65":0,"66":0,"67":0,"68":1,"69":1,"70":1,"71":1,"72":1},"f":{"0":3,"1":2,"2":2,"3":1,"4":0,"5":1},"b":{"0":[0,3],"1":[1,2],"2":[1,1],"3":[2,2],"4":[1,0],"5":[1,0],"6":[1,1],"7":[0,1],"8":[0,0],"9":[0,0]},"_coverageSchema":"1a1c01bbd47fc00a2c39e90264f33305004495a9","hash":"7bd1fa60830778291d7449478ebd91b1d7f84a84"}
,"/usr/app/src/controllers/VehicleController.js": {"path":"/usr/app/src/controllers/VehicleController.js","statementMap":{"0":{"start":{"line":1,"column":16},"end":{"line":1,"column":44}},"1":{"start":{"line":2,"column":22},"end":{"line":2,"column":50}},"2":{"start":{"line":4,"column":20},"end":{"line":4,"column":39}},"3":{"start":{"line":7,"column":4},"end":{"line":7,"column":32}},"4":{"start":{"line":9,"column":23},"end":{"line":9,"column":51}},"5":{"start":{"line":11,"column":4},"end":{"line":14,"column":5}},"6":{"start":{"line":12,"column":8},"end":{"line":12,"column":39}},"7":{"start":{"line":13,"column":8},"end":{"line":13,"column":44}},"8":{"start":{"line":17,"column":4},"end":{"line":27,"column":5}},"9":{"start":{"line":18,"column":8},"end":{"line":23,"column":11}},"10":{"start":{"line":25,"column":8},"end":{"line":25,"column":39}},"11":{"start":{"line":26,"column":8},"end":{"line":26,"column":72}},"12":{"start":{"line":29,"column":4},"end":{"line":32,"column":5}},"13":{"start":{"line":30,"column":8},"end":{"line":30,"column":39}},"14":{"start":{"line":31,"column":8},"end":{"line":31,"column":72}},"15":{"start":{"line":34,"column":4},"end":{"line":37,"column":5}},"16":{"start":{"line":35,"column":8},"end":{"line":35,"column":39}},"17":{"start":{"line":36,"column":8},"end":{"line":36,"column":60}},"18":{"start":{"line":39,"column":23},"end":{"line":39,"column":47}},"19":{"start":{"line":40,"column":19},"end":{"line":40,"column":70}},"20":{"start":{"line":42,"column":4},"end":{"line":42,"column":35}},"21":{"start":{"line":43,"column":4},"end":{"line":43,"column":18}},"22":{"start":{"line":47,"column":4},"end":{"line":47,"column":32}},"23":{"start":{"line":49,"column":4},"end":{"line":73,"column":5}},"24":{"start":{"line":50,"column":32},"end":{"line":50,"column":87}},"25":{"start":{"line":52,"column":8},"end":{"line":54,"column":9}},"26":{"start":{"line":53,"column":12},"end":{"line":53,"column":55}},"27":{"start":{"line":56,"column":30},"end":{"line":56,"column":81}},"28":{"start":{"line":57,"column":27},"end":{"line":57,"column":29}},"29":{"start":{"line":59,"column":8},"end":{"line":63,"column":9}},"30":{"start":{"line":60,"column":12},"end":{"line":62,"column":13}},"31":{"start":{"line":61,"column":16},"end":{"line":61,"column":55}},"32":{"start":{"line":65,"column":23},"end":{"line":65,"column":97}},"33":{"start":{"line":67,"column":8},"end":{"line":67,"column":22}},"34":{"start":{"line":69,"column":8},"end":{"line":69,"column":59}},"35":{"start":{"line":70,"column":8},"end":{"line":70,"column":20}},"36":{"start":{"line":72,"column":8},"end":{"line":72,"column":39}},"37":{"start":{"line":77,"column":4},"end":{"line":95,"column":5}},"38":{"start":{"line":78,"column":8},"end":{"line":78,"column":36}},"39":{"start":{"line":80,"column":22},"end":{"line":80,"column":24}},"40":{"start":{"line":82,"column":8},"end":{"line":84,"column":9}},"41":{"start":{"line":83,"column":12},"end":{"line":83,"column":34}},"42":{"start":{"line":86,"column":26},"end":{"line":86,"column":51}},"43":{"start":{"line":87,"column":25},"end":{"line":87,"column":104}},"44":{"start":{"line":89,"column":8},"end":{"line":89,"column":39}},"45":{"start":{"line":90,"column":8},"end":{"line":90,"column":24}},"46":{"start":{"line":93,"column":8},"end":{"line":93,"column":57}},"47":{"start":{"line":94,"column":8},"end":{"line":94,"column":51}},"48":{"start":{"line":99,"column":4},"end":{"line":109,"column":5}},"49":{"start":{"line":100,"column":8},"end":{"line":100,"column":36}},"50":{"start":{"line":101,"column":25},"end":{"line":101,"column":93}},"51":{"start":{"line":103,"column":8},"end":{"line":103,"column":39}},"52":{"start":{"line":104,"column":8},"end":{"line":104,"column":27}},"53":{"start":{"line":107,"column":8},"end":{"line":107,"column":57}},"54":{"start":{"line":108,"column":8},"end":{"line":108,"column":51}},"55":{"start":{"line":113,"column":4},"end":{"line":113,"column":32}},"56":{"start":{"line":114,"column":19},"end":{"line":114,"column":66}},"57":{"start":{"line":115,"column":4},"end":{"line":115,"column":35}},"58":{"start":{"line":116,"column":4},"end":{"line":116,"column":18}},"59":{"start":{"line":119,"column":0},"end":{"line":125,"column":2}}},"fnMap":{"0":{"name":"addVehicle","decl":{"start":{"line":6,"column":15},"end":{"line":6,"column":25}},"loc":{"start":{"line":6,"column":39},"end":{"line":44,"column":1}},"line":6},"1":{"name":"updateVehicle","decl":{"start":{"line":46,"column":15},"end":{"line":46,"column":28}},"loc":{"start":{"line":46,"column":51},"end":{"line":74,"column":1}},"line":46},"2":{"name":"getVehicles","decl":{"start":{"line":76,"column":15},"end":{"line":76,"column":26}},"loc":{"start":{"line":76,"column":42},"end":{"line":96,"column":1}},"line":76},"3":{"name":"getVehicleRenavam","decl":{"start":{"line":98,"column":15},"end":{"line":98,"column":32}},"loc":{"start":{"line":98,"column":48},"end":{"line":110,"column":1}},"line":98},"4":{"name":"deleteAllVehicles","decl":{"start":{"line":112,"column":15},"end":{"line":112,"column":32}},"loc":{"start":{"line":112,"column":40},"end":{"line":117,"column":1}},"line":112}},"branchMap":{"0":{"loc":{"start":{"line":11,"column":4},"end":{"line":14,"column":5}},"type":"if","locations":[{"start":{"line":11,"column":4},"end":{"line":14,"column":5}},{"start":{},"end":{}}],"line":11},"1":{"loc":{"start":{"line":29,"column":4},"end":{"line":32,"column":5}},"type":"if","locations":[{"start":{"line":29,"column":4},"end":{"line":32,"column":5}},{"start":{},"end":{}}],"line":29},"2":{"loc":{"start":{"line":34,"column":4},"end":{"line":37,"column":5}},"type":"if","locations":[{"start":{"line":34,"column":4},"end":{"line":37,"column":5}},{"start":{},"end":{}}],"line":34},"3":{"loc":{"start":{"line":52,"column":8},"end":{"line":54,"column":9}},"type":"if","locations":[{"start":{"line":52,"column":8},"end":{"line":54,"column":9}},{"start":{},"end":{}}],"line":52},"4":{"loc":{"start":{"line":60,"column":12},"end":{"line":62,"column":13}},"type":"if","locations":[{"start":{"line":60,"column":12},"end":{"line":62,"column":13}},{"start":{},"end":{}}],"line":60},"5":{"loc":{"start":{"line":82,"column":8},"end":{"line":84,"column":9}},"type":"if","locations":[{"start":{"line":82,"column":8},"end":{"line":84,"column":9}},{"start":{},"end":{}}],"line":82},"6":{"loc":{"start":{"line":86,"column":26},"end":{"line":86,"column":51}},"type":"cond-expr","locations":[{"start":{"line":86,"column":45},"end":{"line":86,"column":47}},{"start":{"line":86,"column":50},"end":{"line":86,"column":51}}],"line":86}},"s":{"0":2,"1":2,"2":2,"3":1247,"4":1247,"5":1247,"6":2,"7":2,"8":1245,"9":1245,"10":0,"11":0,"12":1245,"13":0,"14":0,"15":1245,"16":1,"17":1,"18":1244,"19":1244,"20":1244,"21":1244,"22":3,"23":3,"24":3,"25":3,"26":2,"27":1,"28":1,"29":1,"30":6,"31":3,"32":1,"33":1,"34":2,"35":2,"36":3,"37":6,"38":6,"39":6,"40":6,"41":6,"42":6,"43":6,"44":6,"45":6,"46":0,"47":0,"48":1,"49":1,"50":1,"51":1,"52":1,"53":0,"54":0,"55":21,"56":21,"57":21,"58":21,"59":2},"f":{"0":1247,"1":3,"2":6,"3":1,"4":21},"b":{"0":[2,1245],"1":[0,1245],"2":[1,1244],"3":[2,1],"4":[3,3],"5":[6,0],"6":[2,4]},"_coverageSchema":"1a1c01bbd47fc00a2c39e90264f33305004495a9","hash":"7610f75b68899f336f5caf1bc1c60b5258f7b987"}
,"/usr/app/src/db/MongoClient.js": {"path":"/usr/app/src/db/MongoClient.js","statementMap":{"0":{"start":{"line":1,"column":24},"end":{"line":1,"column":42}},"1":{"start":{"line":5,"column":4},"end":{"line":5,"column":39}},"2":{"start":{"line":6,"column":4},"end":{"line":6,"column":46}},"3":{"start":{"line":7,"column":4},"end":{"line":7,"column":44}},"4":{"start":{"line":11,"column":4},"end":{"line":16,"column":5}},"5":{"start":{"line":12,"column":6},"end":{"line":12,"column":34}},"6":{"start":{"line":13,"column":6},"end":{"line":13,"column":50}},"7":{"start":{"line":15,"column":6},"end":{"line":15,"column":18}},"8":{"start":{"line":20,"column":4},"end":{"line":24,"column":5}},"9":{"start":{"line":21,"column":6},"end":{"line":21,"column":32}},"10":{"start":{"line":23,"column":6},"end":{"line":23,"column":18}},"11":{"start":{"line":28,"column":4},"end":{"line":34,"column":5}},"12":{"start":{"line":29,"column":25},"end":{"line":29,"column":59}},"13":{"start":{"line":30,"column":22},"end":{"line":30,"column":60}},"14":{"start":{"line":31,"column":6},"end":{"line":31,"column":21}},"15":{"start":{"line":33,"column":8},"end":{"line":33,"column":20}},"16":{"start":{"line":38,"column":4},"end":{"line":44,"column":5}},"17":{"start":{"line":39,"column":25},"end":{"line":39,"column":59}},"18":{"start":{"line":40,"column":21},"end":{"line":40,"column":60}},"19":{"start":{"line":41,"column":6},"end":{"line":41,"column":20}},"20":{"start":{"line":43,"column":6},"end":{"line":43,"column":18}},"21":{"start":{"line":48,"column":4},"end":{"line":54,"column":5}},"22":{"start":{"line":49,"column":27},"end":{"line":49,"column":61}},"23":{"start":{"line":50,"column":23},"end":{"line":50,"column":64}},"24":{"start":{"line":51,"column":8},"end":{"line":51,"column":22}},"25":{"start":{"line":53,"column":8},"end":{"line":53,"column":20}},"26":{"start":{"line":58,"column":4},"end":{"line":64,"column":5}},"27":{"start":{"line":59,"column":25},"end":{"line":59,"column":59}},"28":{"start":{"line":60,"column":21},"end":{"line":60,"column":55}},"29":{"start":{"line":61,"column":6},"end":{"line":61,"column":20}},"30":{"start":{"line":63,"column":6},"end":{"line":63,"column":18}},"31":{"start":{"line":68,"column":4},"end":{"line":74,"column":5}},"32":{"start":{"line":69,"column":27},"end":{"line":69,"column":61}},"33":{"start":{"line":70,"column":24},"end":{"line":70,"column":73}},"34":{"start":{"line":71,"column":8},"end":{"line":71,"column":23}},"35":{"start":{"line":73,"column":8},"end":{"line":73,"column":20}},"36":{"start":{"line":78,"column":0},"end":{"line":78,"column":31}}},"fnMap":{"0":{"name":"(anonymous_0)","decl":{"start":{"line":4,"column":2},"end":{"line":4,"column":3}},"loc":{"start":{"line":4,"column":16},"end":{"line":8,"column":3}},"line":4},"1":{"name":"(anonymous_1)","decl":{"start":{"line":10,"column":2},"end":{"line":10,"column":3}},"loc":{"start":{"line":10,"column":18},"end":{"line":17,"column":3}},"line":10},"2":{"name":"(anonymous_2)","decl":{"start":{"line":19,"column":2},"end":{"line":19,"column":3}},"loc":{"start":{"line":19,"column":21},"end":{"line":25,"column":3}},"line":19},"3":{"name":"(anonymous_3)","decl":{"start":{"line":27,"column":2},"end":{"line":27,"column":3}},"loc":{"start":{"line":27,"column":44},"end":{"line":35,"column":3}},"line":27},"4":{"name":"(anonymous_4)","decl":{"start":{"line":37,"column":2},"end":{"line":37,"column":3}},"loc":{"start":{"line":37,"column":47},"end":{"line":45,"column":3}},"line":37},"5":{"name":"(anonymous_5)","decl":{"start":{"line":47,"column":2},"end":{"line":47,"column":3}},"loc":{"start":{"line":47,"column":49},"end":{"line":55,"column":3}},"line":47},"6":{"name":"(anonymous_6)","decl":{"start":{"line":57,"column":2},"end":{"line":57,"column":3}},"loc":{"start":{"line":57,"column":42},"end":{"line":65,"column":3}},"line":57},"7":{"name":"(anonymous_7)","decl":{"start":{"line":67,"column":2},"end":{"line":67,"column":3}},"loc":{"start":{"line":67,"column":58},"end":{"line":75,"column":3}},"line":67}},"branchMap":{},"s":{"0":3,"1":6,"2":6,"3":6,"4":2531,"5":2531,"6":2531,"7":0,"8":2527,"9":2527,"10":0,"11":2493,"12":2493,"13":2493,"14":2493,"15":0,"16":1973,"17":1973,"18":1973,"19":1973,"20":0,"21":1733,"22":1733,"23":1733,"24":1733,"25":0,"26":31,"27":31,"28":31,"29":31,"30":0,"31":7,"32":7,"33":7,"34":7,"35":0,"36":3},"f":{"0":6,"1":2531,"2":2527,"3":2493,"4":1973,"5":1733,"6":31,"7":7},"b":{},"_coverageSchema":"1a1c01bbd47fc00a2c39e90264f33305004495a9","hash":"10b85dbb9da6cffe2dc1141d06ffcbaf2e1f8d47"}
,"/usr/app/src/models/SalesModel.js": {"path":"/usr/app/src/models/SalesModel.js","statementMap":{"0":{"start":{"line":3,"column":6},"end":{"line":3,"column":36}},"1":{"start":{"line":4,"column":6},"end":{"line":4,"column":33}},"2":{"start":{"line":5,"column":6},"end":{"line":5,"column":37}},"3":{"start":{"line":6,"column":6},"end":{"line":6,"column":33}},"4":{"start":{"line":7,"column":6},"end":{"line":7,"column":37}},"5":{"start":{"line":8,"column":6},"end":{"line":8,"column":50}},"6":{"start":{"line":9,"column":6},"end":{"line":9,"column":36}},"7":{"start":{"line":13,"column":6},"end":{"line":13,"column":57}},"8":{"start":{"line":17,"column":20},"end":{"line":17,"column":39}},"9":{"start":{"line":19,"column":6},"end":{"line":21,"column":7}},"10":{"start":{"line":20,"column":8},"end":{"line":20,"column":66}},"11":{"start":{"line":23,"column":6},"end":{"line":23,"column":29}},"12":{"start":{"line":27,"column":2},"end":{"line":27,"column":24}}},"fnMap":{"0":{"name":"(anonymous_0)","decl":{"start":{"line":2,"column":4},"end":{"line":2,"column":5}},"loc":{"start":{"line":2,"column":64},"end":{"line":10,"column":5}},"line":2},"1":{"name":"(anonymous_1)","decl":{"start":{"line":12,"column":4},"end":{"line":12,"column":5}},"loc":{"start":{"line":12,"column":24},"end":{"line":14,"column":5}},"line":12},"2":{"name":"(anonymous_2)","decl":{"start":{"line":16,"column":4},"end":{"line":16,"column":5}},"loc":{"start":{"line":16,"column":25},"end":{"line":24,"column":5}},"line":16}},"branchMap":{"0":{"loc":{"start":{"line":19,"column":6},"end":{"line":21,"column":7}},"type":"if","locations":[{"start":{"line":19,"column":6},"end":{"line":21,"column":7}},{"start":{},"end":{}}],"line":19}},"s":{"0":727,"1":727,"2":727,"3":727,"4":727,"5":727,"6":727,"7":727,"8":731,"9":731,"10":0,"11":731,"12":1},"f":{"0":727,"1":727,"2":731},"b":{"0":[0,731]},"_coverageSchema":"1a1c01bbd47fc00a2c39e90264f33305004495a9","hash":"9d5b203828b167c118e20d81b76aa2e5051b39ee"}
,"/usr/app/src/models/User.js": {"path":"/usr/app/src/models/User.js","statementMap":{"0":{"start":{"line":1,"column":15},"end":{"line":1,"column":32}},"1":{"start":{"line":6,"column":8},"end":{"line":6,"column":53}},"2":{"start":{"line":7,"column":8},"end":{"line":7,"column":33}},"3":{"start":{"line":8,"column":8},"end":{"line":8,"column":25}},"4":{"start":{"line":9,"column":8},"end":{"line":9,"column":27}},"5":{"start":{"line":11,"column":31},"end":{"line":11,"column":46}},"6":{"start":{"line":12,"column":8},"end":{"line":12,"column":64}},"7":{"start":{"line":14,"column":8},"end":{"line":14,"column":74}},"8":{"start":{"line":18,"column":8},"end":{"line":45,"column":9}},"9":{"start":{"line":19,"column":12},"end":{"line":21,"column":13}},"10":{"start":{"line":20,"column":16},"end":{"line":20,"column":78}},"11":{"start":{"line":22,"column":12},"end":{"line":24,"column":13}},"12":{"start":{"line":23,"column":16},"end":{"line":23,"column":78}},"13":{"start":{"line":26,"column":12},"end":{"line":26,"column":61}},"14":{"start":{"line":28,"column":12},"end":{"line":30,"column":13}},"15":{"start":{"line":29,"column":16},"end":{"line":29,"column":81}},"16":{"start":{"line":31,"column":12},"end":{"line":33,"column":13}},"17":{"start":{"line":32,"column":16},"end":{"line":32,"column":77}},"18":{"start":{"line":34,"column":12},"end":{"line":36,"column":13}},"19":{"start":{"line":35,"column":16},"end":{"line":35,"column":78}},"20":{"start":{"line":37,"column":12},"end":{"line":39,"column":13}},"21":{"start":{"line":38,"column":16},"end":{"line":38,"column":78}},"22":{"start":{"line":40,"column":12},"end":{"line":42,"column":13}},"23":{"start":{"line":41,"column":16},"end":{"line":41,"column":78}},"24":{"start":{"line":44,"column":12},"end":{"line":44,"column":62}},"25":{"start":{"line":49,"column":0},"end":{"line":49,"column":22}}},"fnMap":{"0":{"name":"(anonymous_0)","decl":{"start":{"line":5,"column":4},"end":{"line":5,"column":5}},"loc":{"start":{"line":5,"column":57},"end":{"line":15,"column":5}},"line":5},"1":{"name":"(anonymous_1)","decl":{"start":{"line":17,"column":4},"end":{"line":17,"column":5}},"loc":{"start":{"line":17,"column":42},"end":{"line":46,"column":5}},"line":17}},"branchMap":{"0":{"loc":{"start":{"line":18,"column":8},"end":{"line":45,"column":9}},"type":"if","locations":[{"start":{"line":18,"column":8},"end":{"line":45,"column":9}},{"start":{"line":27,"column":15},"end":{"line":45,"column":9}}],"line":18},"1":{"loc":{"start":{"line":19,"column":12},"end":{"line":21,"column":13}},"type":"if","locations":[{"start":{"line":19,"column":12},"end":{"line":21,"column":13}},{"start":{},"end":{}}],"line":19},"2":{"loc":{"start":{"line":19,"column":15},"end":{"line":19,"column":68}},"type":"binary-expr","locations":[{"start":{"line":19,"column":15},"end":{"line":19,"column":30}},{"start":{"line":19,"column":34},"end":{"line":19,"column":68}}],"line":19},"3":{"loc":{"start":{"line":22,"column":12},"end":{"line":24,"column":13}},"type":"if","locations":[{"start":{"line":22,"column":12},"end":{"line":24,"column":13}},{"start":{},"end":{}}],"line":22},"4":{"loc":{"start":{"line":22,"column":15},"end":{"line":22,"column":68}},"type":"binary-expr","locations":[{"start":{"line":22,"column":15},"end":{"line":22,"column":30}},{"start":{"line":22,"column":34},"end":{"line":22,"column":68}}],"line":22},"5":{"loc":{"start":{"line":28,"column":12},"end":{"line":30,"column":13}},"type":"if","locations":[{"start":{"line":28,"column":12},"end":{"line":30,"column":13}},{"start":{},"end":{}}],"line":28},"6":{"loc":{"start":{"line":28,"column":15},"end":{"line":28,"column":102}},"type":"binary-expr","locations":[{"start":{"line":28,"column":15},"end":{"line":28,"column":47}},{"start":{"line":28,"column":51},"end":{"line":28,"column":102}}],"line":28},"7":{"loc":{"start":{"line":31,"column":12},"end":{"line":33,"column":13}},"type":"if","locations":[{"start":{"line":31,"column":12},"end":{"line":33,"column":13}},{"start":{},"end":{}}],"line":31},"8":{"loc":{"start":{"line":31,"column":15},"end":{"line":31,"column":94}},"type":"binary-expr","locations":[{"start":{"line":31,"column":15},"end":{"line":31,"column":43}},{"start":{"line":31,"column":47},"end":{"line":31,"column":94}}],"line":31},"9":{"loc":{"start":{"line":34,"column":12},"end":{"line":36,"column":13}},"type":"if","locations":[{"start":{"line":34,"column":12},"end":{"line":36,"column":13}},{"start":{},"end":{}}],"line":34},"10":{"loc":{"start":{"line":34,"column":15},"end":{"line":34,"column":96}},"type":"binary-expr","locations":[{"start":{"line":34,"column":15},"end":{"line":34,"column":44}},{"start":{"line":34,"column":48},"end":{"line":34,"column":96}}],"line":34},"11":{"loc":{"start":{"line":37,"column":12},"end":{"line":39,"column":13}},"type":"if","locations":[{"start":{"line":37,"column":12},"end":{"line":39,"column":13}},{"start":{},"end":{}}],"line":37},"12":{"loc":{"start":{"line":37,"column":15},"end":{"line":37,"column":96}},"type":"binary-expr","locations":[{"start":{"line":37,"column":15},"end":{"line":37,"column":44}},{"start":{"line":37,"column":48},"end":{"line":37,"column":96}}],"line":37},"13":{"loc":{"start":{"line":40,"column":12},"end":{"line":42,"column":13}},"type":"if","locations":[{"start":{"line":40,"column":12},"end":{"line":42,"column":13}},{"start":{},"end":{}}],"line":40},"14":{"loc":{"start":{"line":40,"column":15},"end":{"line":40,"column":96}},"type":"binary-expr","locations":[{"start":{"line":40,"column":15},"end":{"line":40,"column":44}},{"start":{"line":40,"column":48},"end":{"line":40,"column":96}}],"line":40}},"s":{"0":1,"1":1,"2":1,"3":1,"4":1,"5":1,"6":1,"7":1,"8":3,"9":2,"10":0,"11":2,"12":0,"13":2,"14":1,"15":0,"16":1,"17":0,"18":1,"19":0,"20":1,"21":0,"22":1,"23":0,"24":1,"25":1},"f":{"0":1,"1":3},"b":{"0":[2,1],"1":[0,2],"2":[2,2],"3":[0,2],"4":[2,2],"5":[0,1],"6":[1,1],"7":[0,1],"8":[1,1],"9":[0,1],"10":[1,1],"11":[0,1],"12":[1,1],"13":[0,1],"14":[1,1]},"_coverageSchema":"1a1c01bbd47fc00a2c39e90264f33305004495a9","hash":"6ecb3e998d924e41612faf80bd662923d4c9c17b"}
,"/usr/app/src/models/Vehicle.js": {"path":"/usr/app/src/models/Vehicle.js","statementMap":{"0":{"start":{"line":3,"column":8},"end":{"line":3,"column":53}},"1":{"start":{"line":4,"column":8},"end":{"line":4,"column":27}},"2":{"start":{"line":5,"column":8},"end":{"line":5,"column":29}},"3":{"start":{"line":6,"column":8},"end":{"line":6,"column":23}},"4":{"start":{"line":7,"column":8},"end":{"line":7,"column":23}},"5":{"start":{"line":8,"column":8},"end":{"line":8,"column":27}},"6":{"start":{"line":9,"column":8},"end":{"line":9,"column":31}},"7":{"start":{"line":10,"column":8},"end":{"line":10,"column":27}},"8":{"start":{"line":11,"column":8},"end":{"line":11,"column":29}},"9":{"start":{"line":15,"column":8},"end":{"line":17,"column":9}},"10":{"start":{"line":16,"column":12},"end":{"line":16,"column":93}},"11":{"start":{"line":18,"column":8},"end":{"line":20,"column":9}},"12":{"start":{"line":19,"column":12},"end":{"line":19,"column":94}},"13":{"start":{"line":21,"column":8},"end":{"line":23,"column":9}},"14":{"start":{"line":22,"column":12},"end":{"line":22,"column":81}},"15":{"start":{"line":24,"column":8},"end":{"line":26,"column":9}},"16":{"start":{"line":25,"column":12},"end":{"line":25,"column":91}},"17":{"start":{"line":27,"column":8},"end":{"line":29,"column":9}},"18":{"start":{"line":28,"column":12},"end":{"line":28,"column":91}},"19":{"start":{"line":30,"column":8},"end":{"line":32,"column":9}},"20":{"start":{"line":31,"column":12},"end":{"line":31,"column":135}},"21":{"start":{"line":33,"column":8},"end":{"line":35,"column":9}},"22":{"start":{"line":34,"column":12},"end":{"line":34,"column":119}},"23":{"start":{"line":36,"column":8},"end":{"line":38,"column":9}},"24":{"start":{"line":37,"column":12},"end":{"line":37,"column":93}},"25":{"start":{"line":40,"column":8},"end":{"line":40,"column":59}},"26":{"start":{"line":44,"column":0},"end":{"line":44,"column":25}}},"fnMap":{"0":{"name":"(anonymous_0)","decl":{"start":{"line":2,"column":4},"end":{"line":2,"column":5}},"loc":{"start":{"line":2,"column":91},"end":{"line":12,"column":5}},"line":2},"1":{"name":"(anonymous_1)","decl":{"start":{"line":14,"column":4},"end":{"line":14,"column":5}},"loc":{"start":{"line":14,"column":32},"end":{"line":41,"column":5}},"line":14}},"branchMap":{"0":{"loc":{"start":{"line":2,"column":66},"end":{"line":2,"column":87}},"type":"default-arg","locations":[{"start":{"line":2,"column":75},"end":{"line":2,"column":87}}],"line":2},"1":{"loc":{"start":{"line":15,"column":8},"end":{"line":17,"column":9}},"type":"if","locations":[{"start":{"line":15,"column":8},"end":{"line":17,"column":9}},{"start":{},"end":{}}],"line":15},"2":{"loc":{"start":{"line":15,"column":11},"end":{"line":15,"column":70}},"type":"binary-expr","locations":[{"start":{"line":15,"column":11},"end":{"line":15,"column":29}},{"start":{"line":15,"column":33},"end":{"line":15,"column":70}}],"line":15},"3":{"loc":{"start":{"line":18,"column":8},"end":{"line":20,"column":9}},"type":"if","locations":[{"start":{"line":18,"column":8},"end":{"line":20,"column":9}},{"start":{},"end":{}}],"line":18},"4":{"loc":{"start":{"line":18,"column":11},"end":{"line":18,"column":72}},"type":"binary-expr","locations":[{"start":{"line":18,"column":11},"end":{"line":18,"column":30}},{"start":{"line":18,"column":34},"end":{"line":18,"column":72}}],"line":18},"5":{"loc":{"start":{"line":21,"column":8},"end":{"line":23,"column":9}},"type":"if","locations":[{"start":{"line":21,"column":8},"end":{"line":23,"column":9}},{"start":{},"end":{}}],"line":21},"6":{"loc":{"start":{"line":21,"column":11},"end":{"line":21,"column":138}},"type":"binary-expr","locations":[{"start":{"line":21,"column":11},"end":{"line":21,"column":27}},{"start":{"line":21,"column":31},"end":{"line":21,"column":66}},{"start":{"line":21,"column":70},"end":{"line":21,"column":92}},{"start":{"line":21,"column":96},"end":{"line":21,"column":138}}],"line":21},"7":{"loc":{"start":{"line":24,"column":8},"end":{"line":26,"column":9}},"type":"if","locations":[{"start":{"line":24,"column":8},"end":{"line":26,"column":9}},{"start":{},"end":{}}],"line":24},"8":{"loc":{"start":{"line":24,"column":11},"end":{"line":24,"column":66}},"type":"binary-expr","locations":[{"start":{"line":24,"column":11},"end":{"line":24,"column":27}},{"start":{"line":24,"column":31},"end":{"line":24,"column":66}}],"line":24},"9":{"loc":{"start":{"line":27,"column":8},"end":{"line":29,"column":9}},"type":"if","locations":[{"start":{"line":27,"column":8},"end":{"line":29,"column":9}},{"start":{},"end":{}}],"line":27},"10":{"loc":{"start":{"line":27,"column":11},"end":{"line":27,"column":96}},"type":"binary-expr","locations":[{"start":{"line":27,"column":11},"end":{"line":27,"column":29}},{"start":{"line":27,"column":33},"end":{"line":27,"column":70}},{"start":{"line":27,"column":74},"end":{"line":27,"column":96}}],"line":27},"11":{"loc":{"start":{"line":30,"column":8},"end":{"line":32,"column":9}},"type":"if","locations":[{"start":{"line":30,"column":8},"end":{"line":32,"column":9}},{"start":{},"end":{}}],"line":30},"12":{"loc":{"start":{"line":30,"column":11},"end":{"line":30,"column":115}},"type":"binary-expr","locations":[{"start":{"line":30,"column":11},"end":{"line":30,"column":31}},{"start":{"line":30,"column":35},"end":{"line":30,"column":74}},{"start":{"line":30,"column":78},"end":{"line":30,"column":115}}],"line":30},"13":{"loc":{"start":{"line":33,"column":8},"end":{"line":35,"column":9}},"type":"if","locations":[{"start":{"line":33,"column":8},"end":{"line":35,"column":9}},{"start":{},"end":{}}],"line":33},"14":{"loc":{"start":{"line":33,"column":11},"end":{"line":33,"column":116}},"type":"binary-expr","locations":[{"start":{"line":33,"column":11},"end":{"line":33,"column":29}},{"start":{"line":33,"column":33},"end":{"line":33,"column":70}},{"start":{"line":33,"column":74},"end":{"line":33,"column":116}}],"line":33},"15":{"loc":{"start":{"line":36,"column":8},"end":{"line":38,"column":9}},"type":"if","locations":[{"start":{"line":36,"column":8},"end":{"line":38,"column":9}},{"start":{},"end":{}}],"line":36},"16":{"loc":{"start":{"line":36,"column":11},"end":{"line":36,"column":88}},"type":"binary-expr","locations":[{"start":{"line":36,"column":11},"end":{"line":36,"column":29}},{"start":{"line":36,"column":33},"end":{"line":36,"column":88}}],"line":36}},"s":{"0":1244,"1":1244,"2":1244,"3":1244,"4":1244,"5":1244,"6":1244,"7":1244,"8":1244,"9":1247,"10":0,"11":1247,"12":0,"13":1247,"14":0,"15":1247,"16":0,"17":1247,"18":0,"19":1247,"20":1,"21":1246,"22":1,"23":1245,"24":0,"25":1245,"26":2},"f":{"0":1244,"1":1247},"b":{"0":[1236],"1":[0,1247],"2":[1247,1247],"3":[0,1247],"4":[1247,1247],"5":[0,1247],"6":[1247,1247,1247,1247],"7":[0,1247],"8":[1247,1247],"9":[0,1247],"10":[1247,1247,1247],"11":[1,1246],"12":[1247,1247,1247],"13":[1,1245],"14":[1246,1246,1246],"15":[0,1245],"16":[1245,8]},"_coverageSchema":"1a1c01bbd47fc00a2c39e90264f33305004495a9","hash":"53b43f4eb6513ee6f9124b3b6252e9dce644284c"}
,"/usr/app/src/services/SaleService.js": {"path":"/usr/app/src/services/SaleService.js","statementMap":{"0":{"start":{"line":1,"column":22},"end":{"line":1,"column":50}},"1":{"start":{"line":2,"column":13},"end":{"line":2,"column":44}},"2":{"start":{"line":4,"column":20},"end":{"line":4,"column":39}},"3":{"start":{"line":7,"column":2},"end":{"line":7,"column":30}},"4":{"start":{"line":9,"column":21},"end":{"line":9,"column":43}},"5":{"start":{"line":10,"column":2},"end":{"line":13,"column":3}},"6":{"start":{"line":11,"column":4},"end":{"line":11,"column":35}},"7":{"start":{"line":12,"column":4},"end":{"line":12,"column":40}},"8":{"start":{"line":15,"column":18},"end":{"line":15,"column":91}},"9":{"start":{"line":16,"column":2},"end":{"line":19,"column":3}},"10":{"start":{"line":17,"column":4},"end":{"line":17,"column":35}},"11":{"start":{"line":18,"column":4},"end":{"line":18,"column":65}},"12":{"start":{"line":21,"column":18},"end":{"line":26,"column":4}},"13":{"start":{"line":28,"column":2},"end":{"line":28,"column":48}},"14":{"start":{"line":29,"column":2},"end":{"line":29,"column":106}},"15":{"start":{"line":30,"column":2},"end":{"line":30,"column":33}},"16":{"start":{"line":32,"column":2},"end":{"line":32,"column":17}},"17":{"start":{"line":35,"column":0},"end":{"line":35,"column":32}}},"fnMap":{"0":{"name":"createSale","decl":{"start":{"line":6,"column":15},"end":{"line":6,"column":25}},"loc":{"start":{"line":6,"column":36},"end":{"line":33,"column":1}},"line":6}},"branchMap":{"0":{"loc":{"start":{"line":10,"column":2},"end":{"line":13,"column":3}},"type":"if","locations":[{"start":{"line":10,"column":2},"end":{"line":13,"column":3}},{"start":{},"end":{}}],"line":10},"1":{"loc":{"start":{"line":16,"column":2},"end":{"line":19,"column":3}},"type":"if","locations":[{"start":{"line":16,"column":2},"end":{"line":19,"column":3}},{"start":{},"end":{}}],"line":16},"2":{"loc":{"start":{"line":16,"column":6},"end":{"line":16,"column":59}},"type":"binary-expr","locations":[{"start":{"line":16,"column":6},"end":{"line":16,"column":21}},{"start":{"line":16,"column":25},"end":{"line":16,"column":59}}],"line":16}},"s":{"0":1,"1":1,"2":1,"3":731,"4":731,"5":731,"6":0,"7":0,"8":731,"9":731,"10":4,"11":4,"12":727,"13":727,"14":727,"15":727,"16":727,"17":1},"f":{"0":731},"b":{"0":[0,731],"1":[4,727],"2":[731,728]},"_coverageSchema":"1a1c01bbd47fc00a2c39e90264f33305004495a9","hash":"98b9458d9bab32ef2732a49100a54a9faca1049a"}
}
