TN:
SF:src/controllers/SaleController.js
FN:6,addSale
FN:15,getAllSales
FN:28,updateSaleStatus
FN:61,deleteAllSales
FNF:4
FNH:3
FNDA:731,addSale
FNDA:0,getAllSales
FNDA:507,updateSaleStatus
FNDA:9,deleteAllSales
DA:1,1
DA:2,1
DA:4,1
DA:7,731
DA:8,731
DA:9,727
DA:11,4
DA:16,0
DA:17,0
DA:18,0
DA:19,0
DA:21,0
DA:22,0
DA:24,0
DA:29,507
DA:30,507
DA:31,507
DA:33,507
DA:34,0
DA:37,507
DA:38,507
DA:40,507
DA:41,0
DA:44,507
DA:45,4
DA:48,503
DA:50,503
DA:51,502
DA:54,503
DA:55,503
DA:57,4
DA:62,9
DA:63,9
DA:64,9
DA:65,9
DA:68,1
LF:36
LH:27
BRDA:33,0,0,0
BRDA:33,0,1,507
BRDA:40,1,0,0
BRDA:40,1,1,507
BRDA:44,2,0,4
BRDA:44,2,1,503
BRDA:44,3,0,507
BRDA:44,3,1,505
BRDA:50,4,0,502
BRDA:50,4,1,1
BRF:10
BRH:8
end_of_record
TN:
SF:src/controllers/UserController.js
FN:9,validUser
FN:23,loginUser
FN:71,insertUser
FN:112,generateJwtUser
FN:137,getAllUsers
FN:168,deleteAllUsers
FNF:6
FNH:5
FNDA:3,validUser
FNDA:2,loginUser
FNDA:2,insertUser
FNDA:1,generateJwtUser
FNDA:0,getAllUsers
FNDA:1,deleteAllUsers
DA:1,1
DA:2,1
DA:4,1
DA:5,1
DA:7,1
DA:10,3
DA:12,3
DA:13,0
DA:16,3
DA:17,1
DA:19,2
DA:24,2
DA:26,2
DA:27,2
DA:29,2
DA:34,2
DA:35,1
DA:38,1
DA:39,1
DA:40,1
DA:42,1
DA:43,1
DA:44,1
DA:46,1
DA:47,1
DA:48,1
DA:52,0
DA:53,0
DA:54,0
DA:56,0
DA:62,0
DA:63,0
DA:66,1
DA:67,1
DA:72,2
DA:74,2
DA:75,2
DA:82,0
DA:83,0
DA:86,2
DA:87,1
DA:88,1
DA:91,1
DA:92,1
DA:94,1
DA:95,0
DA:98,1
DA:99,1
DA:101,1
DA:107,1
DA:109,1
DA:115,1
DA:116,1
DA:127,0
DA:128,0
DA:131,1
DA:138,0
DA:140,0
DA:141,0
DA:142,0
DA:144,0
DA:145,0
DA:146,0
DA:148,0
DA:159,0
DA:160,0
DA:163,0
DA:164,0
DA:169,1
DA:170,1
DA:171,1
DA:172,1
DA:175,1
LF:73
LH:49
BRDA:12,0,0,0
BRDA:12,0,1,3
BRDA:16,1,0,1
BRDA:16,1,1,2
BRDA:34,2,0,1
BRDA:34,2,1,1
BRDA:34,3,0,2
BRDA:34,3,1,2
BRDA:42,4,0,1
BRDA:42,4,1,0
BRDA:46,5,0,1
BRDA:46,5,1,0
BRDA:86,6,0,1
BRDA:86,6,1,1
BRDA:94,7,0,0
BRDA:94,7,1,1
BRDA:127,8,0,0
BRDA:127,8,1,0
BRDA:146,9,0,0
BRDA:146,9,1,0
BRF:20
BRH:12
end_of_record
TN:
SF:src/controllers/VehicleController.js
FN:6,addVehicle
FN:46,updateVehicle
FN:76,getVehicles
FN:98,getVehicleRenavam
FN:112,deleteAllVehicles
FNF:5
FNH:5
FNDA:1247,addVehicle
FNDA:3,updateVehicle
FNDA:6,getVehicles
FNDA:1,getVehicleRenavam
FNDA:21,deleteAllVehicles
DA:1,2
DA:2,2
DA:4,2
DA:7,1247
DA:9,1247
DA:11,1247
DA:12,2
DA:13,2
DA:17,1245
DA:18,1245
DA:25,0
DA:26,0
DA:29,1245
DA:30,0
DA:31,0
DA:34,1245
DA:35,1
DA:36,1
DA:39,1244
DA:40,1244
DA:42,1244
DA:43,1244
DA:47,3
DA:49,3
DA:50,3
DA:52,3
DA:53,2
DA:56,1
DA:57,1
DA:59,1
DA:60,6
DA:61,3
DA:65,1
DA:67,1
DA:69,2
DA:70,2
DA:72,3
DA:77,6
DA:78,6
DA:80,6
DA:82,6
DA:83,6
DA:86,6
DA:87,6
DA:89,6
DA:90,6
DA:93,0
DA:94,0
DA:99,1
DA:100,1
DA:101,1
DA:103,1
DA:104,1
DA:107,0
DA:108,0
DA:113,21
DA:114,21
DA:115,21
DA:116,21
DA:119,2
LF:60
LH:52
BRDA:11,0,0,2
BRDA:11,0,1,1245
BRDA:29,1,0,0
BRDA:29,1,1,1245
BRDA:34,2,0,1
BRDA:34,2,1,1244
BRDA:52,3,0,2
BRDA:52,3,1,1
BRDA:60,4,0,3
BRDA:60,4,1,3
BRDA:82,5,0,6
BRDA:82,5,1,0
BRDA:86,6,0,2
BRDA:86,6,1,4
BRF:14
BRH:12
end_of_record
TN:
SF:src/db/MongoClient.js
FN:4,(anonymous_0)
FN:10,(anonymous_1)
FN:19,(anonymous_2)
FN:27,(anonymous_3)
FN:37,(anonymous_4)
FN:47,(anonymous_5)
FN:57,(anonymous_6)
FN:67,(anonymous_7)
FNF:8
FNH:8
FNDA:6,(anonymous_0)
FNDA:2531,(anonymous_1)
FNDA:2527,(anonymous_2)
FNDA:2493,(anonymous_3)
FNDA:1973,(anonymous_4)
FNDA:1733,(anonymous_5)
FNDA:31,(anonymous_6)
FNDA:7,(anonymous_7)
DA:1,3
DA:5,6
DA:6,6
DA:7,6
DA:11,2531
DA:12,2531
DA:13,2531
DA:15,0
DA:20,2527
DA:21,2527
DA:23,0
DA:28,2493
DA:29,2493
DA:30,2493
DA:31,2493
DA:33,0
DA:38,1973
DA:39,1973
DA:40,1973
DA:41,1973
DA:43,0
DA:48,1733
DA:49,1733
DA:50,1733
DA:51,1733
DA:53,0
DA:58,31
DA:59,31
DA:60,31
DA:61,31
DA:63,0
DA:68,7
DA:69,7
DA:70,7
DA:71,7
DA:73,0
DA:78,3
LF:37
LH:30
BRF:0
BRH:0
end_of_record
TN:
SF:src/models/SalesModel.js
FN:2,(anonymous_0)
FN:12,(anonymous_1)
FN:16,(anonymous_2)
FNF:3
FNH:3
FNDA:727,(anonymous_0)
FNDA:727,(anonymous_1)
FNDA:731,(anonymous_2)
DA:3,727
DA:4,727
DA:5,727
DA:6,727
DA:7,727
DA:8,727
DA:9,727
DA:13,727
DA:17,731
DA:19,731
DA:20,0
DA:23,731
DA:27,1
LF:13
LH:12
BRDA:19,0,0,0
BRDA:19,0,1,731
BRF:2
BRH:1
end_of_record
TN:
SF:src/models/User.js
FN:5,(anonymous_0)
FN:17,(anonymous_1)
FNF:2
FNH:2
FNDA:1,(anonymous_0)
FNDA:3,(anonymous_1)
DA:1,1
DA:6,1
DA:7,1
DA:8,1
DA:9,1
DA:11,1
DA:12,1
DA:14,1
DA:18,3
DA:19,2
DA:20,0
DA:22,2
DA:23,0
DA:26,2
DA:28,1
DA:29,0
DA:31,1
DA:32,0
DA:34,1
DA:35,0
DA:37,1
DA:38,0
DA:40,1
DA:41,0
DA:44,1
DA:49,1
LF:26
LH:19
BRDA:18,0,0,2
BRDA:18,0,1,1
BRDA:19,1,0,0
BRDA:19,1,1,2
BRDA:19,2,0,2
BRDA:19,2,1,2
BRDA:22,3,0,0
BRDA:22,3,1,2
BRDA:22,4,0,2
BRDA:22,4,1,2
BRDA:28,5,0,0
BRDA:28,5,1,1
BRDA:28,6,0,1
BRDA:28,6,1,1
BRDA:31,7,0,0
BRDA:31,7,1,1
BRDA:31,8,0,1
BRDA:31,8,1,1
BRDA:34,9,0,0
BRDA:34,9,1,1
BRDA:34,10,0,1
BRDA:34,10,1,1
BRDA:37,11,0,0
BRDA:37,11,1,1
BRDA:37,12,0,1
BRDA:37,12,1,1
BRDA:40,13,0,0
BRDA:40,13,1,1
BRDA:40,14,0,1
BRDA:40,14,1,1
BRF:30
BRH:23
end_of_record
TN:
SF:src/models/Vehicle.js
FN:2,(anonymous_0)
FN:14,(anonymous_1)
FNF:2
FNH:2
FNDA:1244,(anonymous_0)
FNDA:1247,(anonymous_1)
DA:3,1244
DA:4,1244
DA:5,1244
DA:6,1244
DA:7,1244
DA:8,1244
DA:9,1244
DA:10,1244
DA:11,1244
DA:15,1247
DA:16,0
DA:18,1247
DA:19,0
DA:21,1247
DA:22,0
DA:24,1247
DA:25,0
DA:27,1247
DA:28,0
DA:30,1247
DA:31,1
DA:33,1246
DA:34,1
DA:36,1245
DA:37,0
DA:40,1245
DA:44,2
LF:27
LH:21
BRDA:2,0,0,1236
BRDA:15,1,0,0
BRDA:15,1,1,1247
BRDA:15,2,0,1247
BRDA:15,2,1,1247
BRDA:18,3,0,0
BRDA:18,3,1,1247
BRDA:18,4,0,1247
BRDA:18,4,1,1247
BRDA:21,5,0,0
BRDA:21,5,1,1247
BRDA:21,6,0,1247
BRDA:21,6,1,1247
BRDA:21,6,2,1247
BRDA:21,6,3,1247
BRDA:24,7,0,0
BRDA:24,7,1,1247
BRDA:24,8,0,1247
BRDA:24,8,1,1247
BRDA:27,9,0,0
BRDA:27,9,1,1247
BRDA:27,10,0,1247
BRDA:27,10,1,1247
BRDA:27,10,2,1247
BRDA:30,11,0,1
BRDA:30,11,1,1246
BRDA:30,12,0,1247
BRDA:30,12,1,1247
BRDA:30,12,2,1247
BRDA:33,13,0,1
BRDA:33,13,1,1245
BRDA:33,14,0,1246
BRDA:33,14,1,1246
BRDA:33,14,2,1246
BRDA:36,15,0,0
BRDA:36,15,1,1245
BRDA:36,16,0,1245
BRDA:36,16,1,8
BRF:38
BRH:32
end_of_record
TN:
SF:src/services/SaleService.js
FN:6,createSale
FNF:1
FNH:1
FNDA:731,createSale
DA:1,1
DA:2,1
DA:4,1
DA:7,731
DA:9,731
DA:10,731
DA:11,0
DA:12,0
DA:15,731
DA:16,731
DA:17,4
DA:18,4
DA:21,727
DA:28,727
DA:29,727
DA:30,727
DA:32,727
DA:35,1
LF:18
LH:16
BRDA:10,0,0,0
BRDA:10,0,1,731
BRDA:16,1,0,4
BRDA:16,1,1,727
BRDA:16,2,0,731
BRDA:16,2,1,728
BRF:6
BRH:5
end_of_record
